2025-09-21 15:16:54,753 - quantum_cybersecurity - INFO - PostQuantumCrypto initialized
2025-09-21 15:16:54,755 - quantum_cybersecurity - INFO - QuantumTokenSimulator initialized
2025-09-21 15:16:54,755 - quantum_cybersecurity - INFO - TamperEvidentLogger initialized
2025-09-21 15:16:54,755 - quantum_cybersecurity - INFO - AuthManager initialized
2025-09-21 15:16:54,755 - quantum_cybersecurity - INFO - SecurityMonitor initialized
2025-09-21 15:16:54,755 - quantum_cybersecurity - INFO - GPS Simulator initialized
2025-09-21 15:16:54,755 - quantum_cybersecurity - INFO - Quantum Cybersecurity System initialized
2025-09-21 15:16:54,761 - quantum_cybersecurity - INFO - ================================================================================
2025-09-21 15:16:54,791 - quantum_cybersecurity - INFO - ================================================================================
2025-09-21 15:16:54,795 - quantum_cybersecurity - INFO - ================================================================================
2025-09-21 15:16:54,797 - quantum_cybersecurity - INFO -    • admin/admin123 (Full Access)
2025-09-21 15:16:54,798 - quantum_cybersecurity - INFO -    • operator/operator123 (Read/Write)
2025-09-21 15:16:54,798 - quantum_cybersecurity - INFO -    • auditor/auditor123 (Read/Audit)
2025-09-21 15:16:54,798 - quantum_cybersecurity - INFO -    • viewer/viewer123 (Read Only)
2025-09-21 15:16:54,798 - quantum_cybersecurity - INFO - ================================================================================
2025-09-21 15:16:54,808 - quantum_cybersecurity - INFO - ================================================================================
2025-09-21 15:16:54,994 - quantum_cybersecurity - INFO - Database tables created successfully
2025-09-21 15:16:54,995 - quantum_cybersecurity - INFO - Database tables created
2025-09-21 15:16:56,521 - quantum_cybersecurity - INFO - Default users initialized
2025-09-21 15:16:56,521 - quantum_cybersecurity - INFO - Starting Quantum Cybersecurity System...
2025-09-21 15:16:56,528 - quantum_cybersecurity - INFO - Generated quantum token QT_94130014d61cceb6b19019db for device QV001
2025-09-21 15:16:56,529 - quantum_cybersecurity - INFO - Generated quantum token QT_e84b27a6d557b98a4a8b3192 for device QV001
2025-09-21 15:16:56,529 - quantum_cybersecurity - INFO - Generated quantum token QT_bce45265faf999c44e4707bd for device QV001
2025-09-21 15:16:56,530 - quantum_cybersecurity - INFO - Generated quantum token QT_b5bcc57de991ade252e94f68 for device QV001
2025-09-21 15:16:56,530 - quantum_cybersecurity - INFO - Generated quantum token QT_31034055f224c342ff8fec22 for device QV001
2025-09-21 15:16:56,532 - quantum_cybersecurity - INFO - Generated quantum token QT_989521c0a153bf6f51faefd5 for device QV002
2025-09-21 15:16:56,533 - quantum_cybersecurity - INFO - Generated quantum token QT_3557b3cc3aeebc7c5e9b86c5 for device QV002
2025-09-21 15:16:56,533 - quantum_cybersecurity - INFO - Generated quantum token QT_4c07757734e90a12f8a45024 for device QV002
2025-09-21 15:16:56,533 - quantum_cybersecurity - INFO - Generated quantum token QT_05f3687e51b85324513f7eb1 for device QV002
2025-09-21 15:16:56,533 - quantum_cybersecurity - INFO - Generated quantum token QT_990e7b81940450f7d6b8f622 for device QV002
2025-09-21 15:16:56,535 - quantum_cybersecurity - INFO - Generated quantum token QT_b8db0655aa9b2ab96ed1a3eb for device QV003
2025-09-21 15:16:56,536 - quantum_cybersecurity - INFO - Generated quantum token QT_e56b675a01baee9d681adcaf for device QV003
2025-09-21 15:16:56,536 - quantum_cybersecurity - INFO - Generated quantum token QT_196e2d6ce233930f18e6bedd for device QV003
2025-09-21 15:16:56,537 - quantum_cybersecurity - INFO - Generated quantum token QT_e6cc81bc88711eb60bf92306 for device QV003
2025-09-21 15:16:56,537 - quantum_cybersecurity - INFO - Generated quantum token QT_b8fcc1d25fffdc37b2db109a for device QV003
2025-09-21 15:16:56,539 - quantum_cybersecurity - INFO - Generated quantum token QT_73ad30de6d75e8116fc733db for device QV004
2025-09-21 15:16:56,540 - quantum_cybersecurity - INFO - Generated quantum token QT_a82bd201f65f4196f5ccca86 for device QV004
2025-09-21 15:16:56,540 - quantum_cybersecurity - INFO - Generated quantum token QT_edb0ea57d5d4ea96e60365a8 for device QV004
2025-09-21 15:16:56,540 - quantum_cybersecurity - INFO - Generated quantum token QT_2fb927c302ddc117527d394a for device QV004
2025-09-21 15:16:56,541 - quantum_cybersecurity - INFO - Generated quantum token QT_4892064a39a4a115135d2eb3 for device QV004
2025-09-21 15:16:56,543 - quantum_cybersecurity - INFO - Generated quantum token QT_cf0e066a77f8c51369516b53 for device QV005
2025-09-21 15:16:56,543 - quantum_cybersecurity - INFO - Generated quantum token QT_b4ad629429e6e66448ee1521 for device QV005
2025-09-21 15:16:56,544 - quantum_cybersecurity - INFO - Generated quantum token QT_14c148c42c7072e1182aa82c for device QV005
2025-09-21 15:16:56,544 - quantum_cybersecurity - INFO - Generated quantum token QT_a71ecb0e63d5f91a8346fd64 for device QV005
2025-09-21 15:16:56,544 - quantum_cybersecurity - INFO - Generated quantum token QT_0e1592ab8f5f6bdd7249bc60 for device QV005
2025-09-21 15:16:56,559 - quantum_cybersecurity - INFO - Demo devices initialized
2025-09-21 15:16:56,559 - quantum_cybersecurity - INFO - System startup complete
2025-09-21 18:24:33,900 - quantum_cybersecurity - INFO - PostQuantumCrypto initialized
2025-09-21 18:24:33,901 - quantum_cybersecurity - INFO - QuantumTokenSimulator initialized
2025-09-21 18:24:33,901 - quantum_cybersecurity - INFO - TamperEvidentLogger initialized
2025-09-21 18:24:33,902 - quantum_cybersecurity - INFO - AuthManager initialized
2025-09-21 18:24:33,902 - quantum_cybersecurity - INFO - SecurityMonitor initialized
2025-09-21 18:24:33,902 - quantum_cybersecurity - INFO - GPS Simulator initialized
2025-09-21 18:24:33,903 - quantum_cybersecurity - INFO - Quantum Cybersecurity System initialized
2025-09-21 18:24:33,911 - quantum_cybersecurity - INFO - ================================================================================
2025-09-21 18:24:33,987 - quantum_cybersecurity - INFO - ================================================================================
2025-09-21 18:24:33,995 - quantum_cybersecurity - INFO - ================================================================================
2025-09-21 18:24:33,998 - quantum_cybersecurity - INFO -    • admin/admin123 (Full Access)
2025-09-21 18:24:33,999 - quantum_cybersecurity - INFO -    • operator/operator123 (Read/Write)
2025-09-21 18:24:33,999 - quantum_cybersecurity - INFO -    • auditor/auditor123 (Read/Audit)
2025-09-21 18:24:34,000 - quantum_cybersecurity - INFO -    • viewer/viewer123 (Read Only)
2025-09-21 18:24:34,000 - quantum_cybersecurity - INFO - ================================================================================
2025-09-21 18:24:34,018 - quantum_cybersecurity - INFO - ================================================================================
2025-09-21 18:24:34,137 - quantum_cybersecurity - INFO - Database tables created successfully
2025-09-21 18:24:34,139 - quantum_cybersecurity - INFO - Database tables created
2025-09-21 18:24:34,162 - quantum_cybersecurity - INFO - Default users initialized
2025-09-21 18:24:34,163 - quantum_cybersecurity - INFO - Starting Quantum Cybersecurity System...
2025-09-21 18:24:34,174 - quantum_cybersecurity - INFO - Demo devices initialized
2025-09-21 18:24:34,175 - quantum_cybersecurity - INFO - System startup complete
2025-09-21 18:26:30,534 - asyncio - ERROR - Exception in callback _ProactorBasePipeTransport._call_connection_lost()
handle: <Handle _ProactorBasePipeTransport._call_connection_lost()>
Traceback (most recent call last):
  File "C:\Python313\Lib\asyncio\events.py", line 89, in _run
    self._context.run(self._callback, *self._args)
    ~~~~~~~~~~~~~~~~~^^^^^^^^^^^^^^^^^^^^^^^^^^^^^
  File "C:\Python313\Lib\asyncio\proactor_events.py", line 165, in _call_connection_lost
    self._sock.shutdown(socket.SHUT_RDWR)
    ~~~~~~~~~~~~~~~~~~~^^^^^^^^^^^^^^^^^^
ConnectionResetError: [WinError 10054] An existing connection was forcibly closed by the remote host
2025-09-21 18:31:19,473 - quantum_cybersecurity - INFO - User admin authenticated successfully
2025-09-21 18:31:19,579 - quantum_cybersecurity - INFO - Tamper-evident log entry added: USER_LOGIN_SUCCESS
2025-09-22 11:20:25,971 - quantum_cybersecurity - WARNING - Security event: AUTH_FAILURE - MEDIUM
2025-09-22 11:20:26,006 - quantum_cybersecurity - ERROR - Database session error: 401: Invalid credentials
2025-09-22 11:21:50,055 - quantum_cybersecurity - INFO - User viewer authenticated successfully
2025-09-22 11:21:50,157 - quantum_cybersecurity - INFO - Tamper-evident log entry added: USER_LOGIN_SUCCESS
2025-09-22 11:23:13,886 - quantum_cybersecurity - INFO - User admin authenticated successfully
2025-09-22 11:23:13,994 - quantum_cybersecurity - INFO - Tamper-evident log entry added: USER_LOGIN_SUCCESS
2025-09-22 11:29:40,874 - quantum_cybersecurity - INFO - User operator authenticated successfully
2025-09-22 11:29:40,938 - quantum_cybersecurity - INFO - Tamper-evident log entry added: USER_LOGIN_SUCCESS
2025-09-22 15:40:33,316 - quantum_cybersecurity - INFO - PostQuantumCrypto initialized
2025-09-22 15:40:33,317 - quantum_cybersecurity - INFO - QuantumTokenSimulator initialized
2025-09-22 15:40:33,318 - quantum_cybersecurity - INFO - TamperEvidentLogger initialized
2025-09-22 15:40:33,319 - quantum_cybersecurity - INFO - AuthManager initialized
2025-09-22 15:40:33,319 - quantum_cybersecurity - INFO - SecurityMonitor initialized
2025-09-22 15:40:33,319 - quantum_cybersecurity - INFO - GPS Simulator initialized
2025-09-22 15:40:33,319 - quantum_cybersecurity - INFO - Quantum Cybersecurity System initialized
2025-09-22 15:40:33,339 - quantum_cybersecurity - INFO - ================================================================================
2025-09-22 15:40:33,415 - quantum_cybersecurity - INFO - ================================================================================
2025-09-22 15:40:33,424 - quantum_cybersecurity - INFO - ================================================================================
2025-09-22 15:40:33,426 - quantum_cybersecurity - INFO -    • admin/admin123 (Full Access)
2025-09-22 15:40:33,426 - quantum_cybersecurity - INFO -    • operator/operator123 (Read/Write)
2025-09-22 15:40:33,426 - quantum_cybersecurity - INFO -    • auditor/auditor123 (Read/Audit)
2025-09-22 15:40:33,426 - quantum_cybersecurity - INFO -    • viewer/viewer123 (Read Only)
2025-09-22 15:40:33,427 - quantum_cybersecurity - INFO - ================================================================================
2025-09-22 15:40:33,444 - quantum_cybersecurity - INFO - ================================================================================
2025-09-22 15:40:33,574 - quantum_cybersecurity - INFO - Database tables created successfully
2025-09-22 15:40:33,576 - quantum_cybersecurity - INFO - Database tables created
2025-09-22 15:40:33,622 - quantum_cybersecurity - INFO - Default users initialized
2025-09-22 15:40:33,623 - quantum_cybersecurity - INFO - Starting Quantum Cybersecurity System...
2025-09-22 15:40:33,642 - quantum_cybersecurity - INFO - Demo devices initialized
2025-09-22 15:40:33,643 - quantum_cybersecurity - INFO - System startup complete
2025-09-22 15:41:00,128 - quantum_cybersecurity - INFO - PostQuantumCrypto initialized
2025-09-22 15:41:00,130 - quantum_cybersecurity - INFO - QuantumTokenSimulator initialized
2025-09-22 15:41:00,132 - quantum_cybersecurity - INFO - TamperEvidentLogger initialized
2025-09-22 15:41:00,133 - quantum_cybersecurity - INFO - AuthManager initialized
2025-09-22 15:41:00,133 - quantum_cybersecurity - INFO - SecurityMonitor initialized
2025-09-22 15:41:00,134 - quantum_cybersecurity - INFO - GPS Simulator initialized
2025-09-22 15:41:00,135 - quantum_cybersecurity - INFO - Quantum Cybersecurity System initialized
2025-09-22 15:41:00,157 - quantum_cybersecurity - INFO - ================================================================================
2025-09-22 15:41:00,170 - quantum_cybersecurity - INFO - ================================================================================
2025-09-22 15:41:00,182 - quantum_cybersecurity - INFO - ================================================================================
2025-09-22 15:41:00,187 - quantum_cybersecurity - INFO -    • admin/admin123 (Full Access)
2025-09-22 15:41:00,188 - quantum_cybersecurity - INFO -    • operator/operator123 (Read/Write)
2025-09-22 15:41:00,188 - quantum_cybersecurity - INFO -    • auditor/auditor123 (Read/Audit)
2025-09-22 15:41:00,189 - quantum_cybersecurity - INFO -    • viewer/viewer123 (Read Only)
2025-09-22 15:41:00,189 - quantum_cybersecurity - INFO - ================================================================================
2025-09-22 15:41:00,219 - quantum_cybersecurity - INFO - ================================================================================
2025-09-22 15:41:00,317 - quantum_cybersecurity - INFO - Database tables created successfully
2025-09-22 15:41:00,318 - quantum_cybersecurity - INFO - Database tables created
2025-09-22 15:41:00,343 - quantum_cybersecurity - INFO - Default users initialized
2025-09-22 15:41:00,344 - quantum_cybersecurity - INFO - Starting Quantum Cybersecurity System...
2025-09-22 15:41:00,359 - quantum_cybersecurity - INFO - Demo devices initialized
2025-09-22 15:41:00,359 - quantum_cybersecurity - INFO - System startup complete
2025-09-22 15:41:40,654 - quantum_cybersecurity - INFO - PostQuantumCrypto initialized
2025-09-22 15:41:40,654 - quantum_cybersecurity - INFO - QuantumTokenSimulator initialized
2025-09-22 15:41:40,655 - quantum_cybersecurity - INFO - TamperEvidentLogger initialized
2025-09-22 15:41:40,655 - quantum_cybersecurity - INFO - AuthManager initialized
2025-09-22 15:41:40,656 - quantum_cybersecurity - INFO - SecurityMonitor initialized
2025-09-22 15:41:40,656 - quantum_cybersecurity - INFO - GPS Simulator initialized
2025-09-22 15:41:40,657 - quantum_cybersecurity - INFO - Quantum Cybersecurity System initialized
2025-09-22 15:41:40,669 - quantum_cybersecurity - INFO - ================================================================================
2025-09-22 15:41:40,675 - quantum_cybersecurity - INFO - ================================================================================
2025-09-22 15:41:40,687 - quantum_cybersecurity - INFO - ================================================================================
2025-09-22 15:41:40,691 - quantum_cybersecurity - INFO -    • admin/admin123 (Full Access)
2025-09-22 15:41:40,691 - quantum_cybersecurity - INFO -    • operator/operator123 (Read/Write)
2025-09-22 15:41:40,691 - quantum_cybersecurity - INFO -    • auditor/auditor123 (Read/Audit)
2025-09-22 15:41:40,691 - quantum_cybersecurity - INFO -    • viewer/viewer123 (Read Only)
2025-09-22 15:41:40,691 - quantum_cybersecurity - INFO - ================================================================================
2025-09-22 15:41:40,706 - quantum_cybersecurity - INFO - ================================================================================
2025-09-22 15:41:40,767 - quantum_cybersecurity - INFO - Database tables created successfully
2025-09-22 15:41:40,768 - quantum_cybersecurity - INFO - Database tables created
2025-09-22 15:41:40,782 - quantum_cybersecurity - INFO - Default users initialized
2025-09-22 15:41:40,782 - quantum_cybersecurity - INFO - Starting Quantum Cybersecurity System...
2025-09-22 15:41:40,790 - quantum_cybersecurity - INFO - Demo devices initialized
2025-09-22 15:41:40,791 - quantum_cybersecurity - INFO - System startup complete
2025-09-22 15:42:19,919 - quantum_cybersecurity - INFO - User admin authenticated successfully
2025-09-22 15:42:19,957 - quantum_cybersecurity - INFO - Tamper-evident log entry added: USER_LOGIN_SUCCESS
2025-09-22 15:42:59,475 - quantum_cybersecurity - WARNING - Security event: AUTH_FAILURE - MEDIUM
2025-09-22 15:42:59,477 - quantum_cybersecurity - ERROR - Database session error: 401: Invalid credentials
2025-09-22 16:38:52,845 - quantum_cybersecurity - INFO - User admin authenticated successfully
2025-09-22 16:38:54,468 - quantum_cybersecurity - INFO - Tamper-evident log entry added: USER_LOGIN_SUCCESS
2025-09-22 19:15:39,487 - quantum_cybersecurity - INFO - Generated quantum token QT_4517baf7cf9dfc5f0eaa98c0 for device QV874
2025-09-22 19:15:45,238 - quantum_cybersecurity - INFO - Tamper-evident log entry added: QUANTUM_TOKEN_GENERATED
2025-09-22 19:16:10,779 - quantum_cybersecurity - INFO - Generated quantum token QT_ab5ea84fd5f98d204414d4d2 for device QV436
2025-09-22 19:16:10,886 - quantum_cybersecurity - INFO - Tamper-evident log entry added: QUANTUM_TOKEN_GENERATED
2025-09-22 22:48:56,853 - quantum_cybersecurity - INFO - PostQuantumCrypto initialized
2025-09-22 22:48:56,855 - quantum_cybersecurity - INFO - QuantumTokenSimulator initialized
2025-09-22 22:48:56,855 - quantum_cybersecurity - INFO - TamperEvidentLogger initialized
2025-09-22 22:48:56,855 - quantum_cybersecurity - INFO - AuthManager initialized
2025-09-22 22:48:56,855 - quantum_cybersecurity - INFO - SecurityMonitor initialized
2025-09-22 22:48:56,855 - quantum_cybersecurity - INFO - GPS Simulator initialized
2025-09-22 22:48:56,855 - quantum_cybersecurity - INFO - Quantum Cybersecurity System initialized
2025-09-22 22:48:56,870 - quantum_cybersecurity - INFO - ================================================================================
2025-09-22 22:48:56,968 - quantum_cybersecurity - INFO - ================================================================================
2025-09-22 22:48:56,971 - quantum_cybersecurity - INFO - ================================================================================
2025-09-22 22:48:56,972 - quantum_cybersecurity - INFO -    • admin/admin123 (Full Access)
2025-09-22 22:48:56,972 - quantum_cybersecurity - INFO -    • operator/operator123 (Read/Write)
2025-09-22 22:48:56,972 - quantum_cybersecurity - INFO -    • auditor/auditor123 (Read/Audit)
2025-09-22 22:48:56,972 - quantum_cybersecurity - INFO -    • viewer/viewer123 (Read Only)
2025-09-22 22:48:56,972 - quantum_cybersecurity - INFO - ================================================================================
2025-09-22 22:48:56,983 - quantum_cybersecurity - INFO - ================================================================================
2025-09-22 22:48:57,062 - quantum_cybersecurity - INFO - Database tables created successfully
2025-09-22 22:48:57,063 - quantum_cybersecurity - INFO - Database tables created
2025-09-22 22:48:57,073 - quantum_cybersecurity - INFO - Default users initialized
2025-09-22 22:48:57,074 - quantum_cybersecurity - INFO - Starting Quantum Cybersecurity System...
2025-09-22 22:48:57,082 - quantum_cybersecurity - INFO - Demo devices initialized
2025-09-22 22:48:57,082 - quantum_cybersecurity - INFO - System startup complete
2025-09-22 22:52:11,844 - quantum_cybersecurity - INFO - PostQuantumCrypto initialized
2025-09-22 22:52:11,845 - quantum_cybersecurity - INFO - QuantumTokenSimulator initialized
2025-09-22 22:52:11,845 - quantum_cybersecurity - INFO - TamperEvidentLogger initialized
2025-09-22 22:52:11,845 - quantum_cybersecurity - INFO - AuthManager initialized
2025-09-22 22:52:11,845 - quantum_cybersecurity - INFO - SecurityMonitor initialized
2025-09-22 22:52:11,845 - quantum_cybersecurity - INFO - GPS Simulator initialized
2025-09-22 22:52:11,845 - quantum_cybersecurity - INFO - Quantum Cybersecurity System initialized
2025-09-22 22:52:11,864 - quantum_cybersecurity - INFO - ================================================================================
2025-09-22 22:52:11,879 - quantum_cybersecurity - INFO - ================================================================================
2025-09-22 22:52:11,890 - quantum_cybersecurity - INFO - ================================================================================
2025-09-22 22:52:11,891 - quantum_cybersecurity - INFO -    • admin/admin123 (Full Access)
2025-09-22 22:52:11,891 - quantum_cybersecurity - INFO -    • operator/operator123 (Read/Write)
2025-09-22 22:52:11,891 - quantum_cybersecurity - INFO -    • auditor/auditor123 (Read/Audit)
2025-09-22 22:52:11,891 - quantum_cybersecurity - INFO -    • viewer/viewer123 (Read Only)
2025-09-22 22:52:11,891 - quantum_cybersecurity - INFO - ================================================================================
2025-09-22 22:52:11,899 - quantum_cybersecurity - INFO - ================================================================================
2025-09-22 22:52:11,994 - quantum_cybersecurity - INFO - Database tables created successfully
2025-09-22 22:52:11,995 - quantum_cybersecurity - INFO - Database tables created
2025-09-22 22:52:12,022 - quantum_cybersecurity - INFO - Default users initialized
2025-09-22 22:52:12,022 - quantum_cybersecurity - INFO - Starting Quantum Cybersecurity System...
2025-09-22 22:52:12,033 - quantum_cybersecurity - INFO - Demo devices initialized
2025-09-22 22:52:12,033 - quantum_cybersecurity - INFO - System startup complete
2025-09-22 23:02:36,443 - quantum_cybersecurity - INFO - PostQuantumCrypto initialized
2025-09-22 23:02:36,444 - quantum_cybersecurity - INFO - QuantumTokenSimulator initialized
2025-09-22 23:02:36,444 - quantum_cybersecurity - INFO - TamperEvidentLogger initialized
2025-09-22 23:02:36,444 - quantum_cybersecurity - INFO - AuthManager initialized
2025-09-22 23:02:36,444 - quantum_cybersecurity - INFO - SecurityMonitor initialized
2025-09-22 23:02:36,444 - quantum_cybersecurity - INFO - GPS Simulator initialized
2025-09-22 23:02:36,444 - quantum_cybersecurity - INFO - Quantum Cybersecurity System initialized
2025-09-22 23:02:36,453 - quantum_cybersecurity - INFO - ================================================================================
2025-09-22 23:02:36,463 - quantum_cybersecurity - INFO - ================================================================================
2025-09-22 23:02:36,467 - quantum_cybersecurity - INFO - ================================================================================
2025-09-22 23:02:36,468 - quantum_cybersecurity - INFO -    • admin/admin123 (Full Access)
2025-09-22 23:02:36,468 - quantum_cybersecurity - INFO -    • operator/operator123 (Read/Write)
2025-09-22 23:02:36,468 - quantum_cybersecurity - INFO -    • auditor/auditor123 (Read/Audit)
2025-09-22 23:02:36,469 - quantum_cybersecurity - INFO -    • viewer/viewer123 (Read Only)
2025-09-22 23:02:36,469 - quantum_cybersecurity - INFO - ================================================================================
2025-09-22 23:02:36,475 - quantum_cybersecurity - INFO - ================================================================================
2025-09-22 23:02:36,595 - quantum_cybersecurity - INFO - Database tables created successfully
2025-09-22 23:02:36,596 - quantum_cybersecurity - INFO - Database tables created
2025-09-22 23:02:36,626 - quantum_cybersecurity - INFO - Default users initialized
2025-09-22 23:02:36,627 - quantum_cybersecurity - INFO - Starting Quantum Cybersecurity System...
2025-09-22 23:02:36,637 - quantum_cybersecurity - INFO - Demo devices initialized
2025-09-22 23:02:36,638 - quantum_cybersecurity - INFO - System startup complete
2025-09-22 23:05:15,153 - quantum_cybersecurity - INFO - PostQuantumCrypto initialized
2025-09-22 23:05:15,154 - quantum_cybersecurity - INFO - QuantumTokenSimulator initialized
2025-09-22 23:05:15,154 - quantum_cybersecurity - INFO - TamperEvidentLogger initialized
2025-09-22 23:05:15,154 - quantum_cybersecurity - INFO - AuthManager initialized
2025-09-22 23:05:15,154 - quantum_cybersecurity - INFO - SecurityMonitor initialized
2025-09-22 23:05:15,154 - quantum_cybersecurity - INFO - GPS Simulator initialized
2025-09-22 23:05:15,154 - quantum_cybersecurity - INFO - Quantum Cybersecurity System initialized
2025-09-22 23:05:15,163 - quantum_cybersecurity - INFO - ================================================================================
2025-09-22 23:05:15,167 - quantum_cybersecurity - INFO - ================================================================================
2025-09-22 23:05:15,170 - quantum_cybersecurity - INFO - ================================================================================
2025-09-22 23:05:15,171 - quantum_cybersecurity - INFO -    • admin/admin123 (Full Access)
2025-09-22 23:05:15,171 - quantum_cybersecurity - INFO -    • operator/operator123 (Read/Write)
2025-09-22 23:05:15,171 - quantum_cybersecurity - INFO -    • auditor/auditor123 (Read/Audit)
2025-09-22 23:05:15,171 - quantum_cybersecurity - INFO -    • viewer/viewer123 (Read Only)
2025-09-22 23:05:15,171 - quantum_cybersecurity - INFO - ================================================================================
2025-09-22 23:05:15,177 - quantum_cybersecurity - INFO - ================================================================================
2025-09-22 23:05:15,227 - quantum_cybersecurity - INFO - Database tables created successfully
2025-09-22 23:05:15,228 - quantum_cybersecurity - INFO - Database tables created
2025-09-22 23:05:15,238 - quantum_cybersecurity - INFO - Default users initialized
2025-09-22 23:05:15,238 - quantum_cybersecurity - INFO - Starting Quantum Cybersecurity System...
2025-09-22 23:05:15,243 - quantum_cybersecurity - INFO - Demo devices initialized
2025-09-22 23:05:15,243 - quantum_cybersecurity - INFO - System startup complete
2025-09-22 23:06:10,068 - quantum_cybersecurity - INFO - User admin authenticated successfully
2025-09-22 23:06:10,147 - quantum_cybersecurity - INFO - Tamper-evident log entry added: USER_LOGIN_SUCCESS
2025-09-22 23:06:43,784 - quantum_cybersecurity - INFO - Generated quantum token QT_3eced023c7a9775acf3255f8 for device QV754
2025-09-22 23:06:43,848 - quantum_cybersecurity - INFO - Tamper-evident log entry added: QUANTUM_TOKEN_GENERATED
2025-09-22 23:10:33,905 - quantum_cybersecurity - INFO - PostQuantumCrypto initialized
2025-09-22 23:10:33,908 - quantum_cybersecurity - INFO - QuantumTokenSimulator initialized
2025-09-22 23:10:33,908 - quantum_cybersecurity - INFO - TamperEvidentLogger initialized
2025-09-22 23:10:33,909 - quantum_cybersecurity - INFO - AuthManager initialized
2025-09-22 23:10:33,909 - quantum_cybersecurity - INFO - SecurityMonitor initialized
2025-09-22 23:10:33,909 - quantum_cybersecurity - INFO - GPS Simulator initialized
2025-09-22 23:10:33,910 - quantum_cybersecurity - INFO - Quantum Cybersecurity System initialized
2025-09-22 23:10:33,926 - quantum_cybersecurity - INFO - ================================================================================
2025-09-22 23:10:33,937 - quantum_cybersecurity - INFO - ================================================================================
2025-09-22 23:10:33,947 - quantum_cybersecurity - INFO - ================================================================================
2025-09-22 23:10:33,950 - quantum_cybersecurity - INFO -    • admin/admin123 (Full Access)
2025-09-22 23:10:33,950 - quantum_cybersecurity - INFO -    • operator/operator123 (Read/Write)
2025-09-22 23:10:33,952 - quantum_cybersecurity - INFO -    • auditor/auditor123 (Read/Audit)
2025-09-22 23:10:33,952 - quantum_cybersecurity - INFO -    • viewer/viewer123 (Read Only)
2025-09-22 23:10:33,953 - quantum_cybersecurity - INFO - ================================================================================
2025-09-22 23:10:33,977 - quantum_cybersecurity - INFO - ================================================================================
2025-09-22 23:10:34,078 - quantum_cybersecurity - INFO - Database tables created successfully
2025-09-22 23:10:34,078 - quantum_cybersecurity - INFO - Database tables created
2025-09-22 23:10:34,106 - quantum_cybersecurity - INFO - Default users initialized
2025-09-22 23:10:34,106 - quantum_cybersecurity - INFO - Starting Quantum Cybersecurity System...
2025-09-22 23:10:34,117 - quantum_cybersecurity - INFO - Demo devices initialized
2025-09-22 23:10:34,120 - quantum_cybersecurity - INFO - System startup complete
2025-09-22 23:11:37,678 - quantum_cybersecurity - INFO - PostQuantumCrypto initialized
2025-09-22 23:11:37,679 - quantum_cybersecurity - INFO - QuantumTokenSimulator initialized
2025-09-22 23:11:37,680 - quantum_cybersecurity - INFO - TamperEvidentLogger initialized
2025-09-22 23:11:37,682 - quantum_cybersecurity - INFO - AuthManager initialized
2025-09-22 23:11:37,682 - quantum_cybersecurity - INFO - SecurityMonitor initialized
2025-09-22 23:11:37,683 - quantum_cybersecurity - INFO - GPS Simulator initialized
2025-09-22 23:11:37,683 - quantum_cybersecurity - INFO - Quantum Cybersecurity System initialized
2025-09-22 23:11:37,691 - quantum_cybersecurity - INFO - ================================================================================
2025-09-22 23:11:37,694 - quantum_cybersecurity - INFO - ================================================================================
2025-09-22 23:11:37,703 - quantum_cybersecurity - INFO - ================================================================================
2025-09-22 23:11:37,705 - quantum_cybersecurity - INFO -    • admin/admin123 (Full Access)
2025-09-22 23:11:37,705 - quantum_cybersecurity - INFO -    • operator/operator123 (Read/Write)
2025-09-22 23:11:37,706 - quantum_cybersecurity - INFO -    • auditor/auditor123 (Read/Audit)
2025-09-22 23:11:37,706 - quantum_cybersecurity - INFO -    • viewer/viewer123 (Read Only)
2025-09-22 23:11:37,706 - quantum_cybersecurity - INFO - ================================================================================
2025-09-22 23:11:37,722 - quantum_cybersecurity - INFO - ================================================================================
2025-09-22 23:11:37,793 - quantum_cybersecurity - INFO - Database tables created successfully
2025-09-22 23:11:37,794 - quantum_cybersecurity - INFO - Database tables created
2025-09-22 23:11:37,821 - quantum_cybersecurity - INFO - Default users initialized
2025-09-22 23:11:37,822 - quantum_cybersecurity - INFO - Starting Quantum Cybersecurity System...
2025-09-22 23:11:37,839 - quantum_cybersecurity - INFO - Demo devices initialized
2025-09-22 23:11:37,839 - quantum_cybersecurity - INFO - System startup complete
